{"/Users/aleksejkolpakov/Projects/testing_works/duble/testtaskmq/src/const/chart.ts": {"path":"/Users/aleksejkolpakov/Projects/testing_works/duble/testtaskmq/src/const/chart.ts","statementMap":{"0":{"start":{"line":2,"column":13},"end":{"line":2,"column":21}},"1":{"start":{"line":5,"column":13},"end":{"line":5,"column":25}},"2":{"start":{"line":7,"column":13},"end":{"line":7,"column":26}},"3":{"start":{"line":10,"column":13},"end":{"line":10,"column":37}},"4":{"start":{"line":12,"column":13},"end":{"line":12,"column":39}},"5":{"start":{"line":15,"column":13},"end":{"line":15,"column":26}},"6":{"start":{"line":18,"column":13},"end":{"line":18,"column":33}}},"fnMap":{},"branchMap":{},"s":{"0":2,"1":2,"2":2,"3":2,"4":2,"5":2,"6":2},"f":{},"b":{}}
,"/Users/aleksejkolpakov/Projects/testing_works/duble/testtaskmq/src/const/data.ts": {"path":"/Users/aleksejkolpakov/Projects/testing_works/duble/testtaskmq/src/const/data.ts","statementMap":{"0":{"start":{"line":3,"column":13},"end":{"line":3,"column":null}},"1":{"start":{"line":5,"column":13},"end":{"line":5,"column":50}},"2":{"start":{"line":12,"column":13},"end":{"line":12,"column":31}},"3":{"start":{"line":18,"column":13},"end":{"line":18,"column":63}},"4":{"start":{"line":21,"column":13},"end":{"line":21,"column":null}}},"fnMap":{},"branchMap":{},"s":{"0":1,"1":1,"2":1,"3":1,"4":1},"f":{},"b":{}}
,"/Users/aleksejkolpakov/Projects/testing_works/duble/testtaskmq/src/ui/Chart/utils/paintCoords.ts": {"path":"/Users/aleksejkolpakov/Projects/testing_works/duble/testtaskmq/src/ui/Chart/utils/paintCoords.ts","statementMap":{"0":{"start":{"line":1,"column":0},"end":{"line":1,"column":69}},"1":{"start":{"line":5,"column":24},"end":{"line":6,"column":69}},"2":{"start":{"line":6,"column":2},"end":{"line":6,"column":69}},"3":{"start":{"line":5,"column":13},"end":{"line":5,"column":24}},"4":{"start":{"line":8,"column":25},"end":{"line":9,"column":36}},"5":{"start":{"line":9,"column":2},"end":{"line":9,"column":36}},"6":{"start":{"line":8,"column":13},"end":{"line":8,"column":25}},"7":{"start":{"line":11,"column":25},"end":{"line":13,"column":1}},"8":{"start":{"line":12,"column":2},"end":{"line":12,"column":63}},"9":{"start":{"line":11,"column":13},"end":{"line":11,"column":25}},"10":{"start":{"line":15,"column":27},"end":{"line":33,"column":1}},"11":{"start":{"line":16,"column":16},"end":{"line":16,"column":30}},"12":{"start":{"line":18,"column":2},"end":{"line":18,"column":25}},"13":{"start":{"line":20,"column":2},"end":{"line":20,"column":18}},"14":{"start":{"line":21,"column":2},"end":{"line":21,"column":27}},"15":{"start":{"line":22,"column":10},"end":{"line":22,"column":11}},"16":{"start":{"line":24,"column":2},"end":{"line":29,"column":null}},"17":{"start":{"line":25,"column":14},"end":{"line":25,"column":41}},"18":{"start":{"line":27,"column":4},"end":{"line":27,"column":21}},"19":{"start":{"line":28,"column":4},"end":{"line":28,"column":25}},"20":{"start":{"line":31,"column":2},"end":{"line":31,"column":15}},"21":{"start":{"line":32,"column":2},"end":{"line":32,"column":18}},"22":{"start":{"line":15,"column":13},"end":{"line":15,"column":27}}},"fnMap":{"0":{"name":"(anonymous_0)","decl":{"start":{"line":5,"column":24},"end":{"line":5,"column":25}},"loc":{"start":{"line":6,"column":2},"end":{"line":6,"column":69}}},"1":{"name":"(anonymous_1)","decl":{"start":{"line":8,"column":25},"end":{"line":8,"column":26}},"loc":{"start":{"line":9,"column":2},"end":{"line":9,"column":36}}},"2":{"name":"(anonymous_2)","decl":{"start":{"line":11,"column":25},"end":{"line":11,"column":26}},"loc":{"start":{"line":11,"column":74},"end":{"line":13,"column":1}}},"3":{"name":"(anonymous_3)","decl":{"start":{"line":15,"column":27},"end":{"line":15,"column":28}},"loc":{"start":{"line":15,"column":88},"end":{"line":33,"column":1}}}},"branchMap":{"0":{"loc":{"start":{"line":5,"column":52},"end":{"line":5,"column":71}},"type":"default-arg","locations":[{"start":{"line":5,"column":61},"end":{"line":5,"column":71}}]},"1":{"loc":{"start":{"line":5,"column":73},"end":{"line":5,"column":90}},"type":"default-arg","locations":[{"start":{"line":5,"column":83},"end":{"line":5,"column":90}}]},"2":{"loc":{"start":{"line":8,"column":81},"end":{"line":8,"column":98}},"type":"default-arg","locations":[{"start":{"line":8,"column":91},"end":{"line":8,"column":98}}]},"3":{"loc":{"start":{"line":11,"column":53},"end":{"line":11,"column":70}},"type":"default-arg","locations":[{"start":{"line":11,"column":61},"end":{"line":11,"column":70}}]}},"s":{"0":1,"1":1,"2":2,"3":1,"4":1,"5":1,"6":1,"7":1,"8":1,"9":1,"10":1,"11":0,"12":0,"13":0,"14":0,"15":0,"16":0,"17":0,"18":0,"19":0,"20":0,"21":0,"22":1},"f":{"0":2,"1":1,"2":1,"3":0},"b":{"0":[0],"1":[0],"2":[1],"3":[0]}}
,"/Users/aleksejkolpakov/Projects/testing_works/duble/testtaskmq/src/utils/getDataForSelect.ts": {"path":"/Users/aleksejkolpakov/Projects/testing_works/duble/testtaskmq/src/utils/getDataForSelect.ts","statementMap":{"0":{"start":{"line":3,"column":32},"end":{"line":13,"column":1}},"1":{"start":{"line":4,"column":26},"end":{"line":4,"column":28}},"2":{"start":{"line":5,"column":10},"end":{"line":5,"column":19}},"3":{"start":{"line":7,"column":2},"end":{"line":10,"column":null}},"4":{"start":{"line":8,"column":4},"end":{"line":8,"column":18}},"5":{"start":{"line":9,"column":4},"end":{"line":9,"column":null}},"6":{"start":{"line":12,"column":2},"end":{"line":12,"column":15}},"7":{"start":{"line":3,"column":13},"end":{"line":3,"column":32}}},"fnMap":{"0":{"name":"(anonymous_0)","decl":{"start":{"line":3,"column":32},"end":{"line":3,"column":33}},"loc":{"start":{"line":3,"column":71},"end":{"line":13,"column":1}}}},"branchMap":{},"s":{"0":1,"1":1,"2":1,"3":1,"4":3,"5":3,"6":1,"7":1},"f":{"0":1},"b":{}}
,"/Users/aleksejkolpakov/Projects/testing_works/duble/testtaskmq/src/utils/getDataMap.ts": {"path":"/Users/aleksejkolpakov/Projects/testing_works/duble/testtaskmq/src/utils/getDataMap.ts","statementMap":{"0":{"start":{"line":9,"column":26},"end":{"line":24,"column":1}},"1":{"start":{"line":10,"column":27},"end":{"line":10,"column":36}},"2":{"start":{"line":12,"column":2},"end":{"line":21,"column":null}},"3":{"start":{"line":13,"column":17},"end":{"line":13,"column":46}},"4":{"start":{"line":14,"column":4},"end":{"line":20,"column":null}},"5":{"start":{"line":15,"column":26},"end":{"line":15,"column":55}},"6":{"start":{"line":16,"column":6},"end":{"line":16,"column":31}},"7":{"start":{"line":17,"column":6},"end":{"line":17,"column":37}},"8":{"start":{"line":19,"column":6},"end":{"line":19,"column":34}},"9":{"start":{"line":23,"column":2},"end":{"line":23,"column":17}},"10":{"start":{"line":9,"column":13},"end":{"line":9,"column":26}},"11":{"start":{"line":27,"column":29},"end":{"line":35,"column":1}},"12":{"start":{"line":28,"column":69},"end":{"line":28,"column":78}},"13":{"start":{"line":30,"column":2},"end":{"line":32,"column":null}},"14":{"start":{"line":31,"column":4},"end":{"line":31,"column":56}},"15":{"start":{"line":34,"column":2},"end":{"line":34,"column":26}},"16":{"start":{"line":27,"column":13},"end":{"line":27,"column":29}}},"fnMap":{"0":{"name":"(anonymous_0)","decl":{"start":{"line":9,"column":26},"end":{"line":9,"column":27}},"loc":{"start":{"line":9,"column":47},"end":{"line":24,"column":1}}},"1":{"name":"(anonymous_1)","decl":{"start":{"line":12,"column":15},"end":{"line":12,"column":19}},"loc":{"start":{"line":12,"column":22},"end":{"line":21,"column":3}}},"2":{"name":"(anonymous_2)","decl":{"start":{"line":27,"column":29},"end":{"line":27,"column":30}},"loc":{"start":{"line":27,"column":50},"end":{"line":35,"column":1}}}},"branchMap":{"0":{"loc":{"start":{"line":14,"column":4},"end":{"line":20,"column":null}},"type":"if","locations":[{"start":{"line":14,"column":4},"end":{"line":20,"column":null}},{"start":{"line":18,"column":11},"end":{"line":20,"column":null}}]}},"s":{"0":1,"1":1,"2":1,"3":5,"4":5,"5":3,"6":3,"7":3,"8":2,"9":1,"10":1,"11":1,"12":0,"13":0,"14":0,"15":0,"16":1},"f":{"0":1,"1":5,"2":0},"b":{"0":[3,2]}}
,"/Users/aleksejkolpakov/Projects/testing_works/duble/testtaskmq/src/utils/normalizeData/normalizeData.ts": {"path":"/Users/aleksejkolpakov/Projects/testing_works/duble/testtaskmq/src/utils/normalizeData/normalizeData.ts","statementMap":{"0":{"start":{"line":1,"column":0},"end":{"line":1,"column":46}},"1":{"start":{"line":2,"column":0},"end":{"line":2,"column":62}},"2":{"start":{"line":6,"column":28},"end":{"line":24,"column":1}},"3":{"start":{"line":7,"column":25},"end":{"line":7,"column":27}},"4":{"start":{"line":9,"column":2},"end":{"line":11,"column":null}},"5":{"start":{"line":10,"column":4},"end":{"line":10,"column":14}},"6":{"start":{"line":13,"column":2},"end":{"line":21,"column":null}},"7":{"start":{"line":14,"column":4},"end":{"line":16,"column":null}},"8":{"start":{"line":15,"column":6},"end":{"line":15,"column":15}},"9":{"start":{"line":17,"column":4},"end":{"line":19,"column":null}},"10":{"start":{"line":18,"column":6},"end":{"line":18,"column":12}},"11":{"start":{"line":20,"column":4},"end":{"line":20,"column":34}},"12":{"start":{"line":23,"column":2},"end":{"line":23,"column":16}},"13":{"start":{"line":6,"column":13},"end":{"line":6,"column":28}},"14":{"start":{"line":26,"column":27},"end":{"line":27,"column":45}},"15":{"start":{"line":27,"column":2},"end":{"line":27,"column":45}},"16":{"start":{"line":26,"column":13},"end":{"line":26,"column":27}},"17":{"start":{"line":29,"column":27},"end":{"line":30,"column":29}},"18":{"start":{"line":30,"column":3},"end":{"line":30,"column":28}},"19":{"start":{"line":29,"column":13},"end":{"line":29,"column":27}},"20":{"start":{"line":38,"column":29},"end":{"line":85,"column":1}},"21":{"start":{"line":39,"column":20},"end":{"line":39,"column":43}},"22":{"start":{"line":40,"column":20},"end":{"line":40,"column":43}},"23":{"start":{"line":42,"column":31},"end":{"line":42,"column":33}},"24":{"start":{"line":44,"column":20},"end":{"line":44,"column":61}},"25":{"start":{"line":46,"column":20},"end":{"line":46,"column":49}},"26":{"start":{"line":49,"column":10},"end":{"line":49,"column":11}},"27":{"start":{"line":50,"column":2},"end":{"line":78,"column":null}},"28":{"start":{"line":52,"column":22},"end":{"line":52,"column":35}},"29":{"start":{"line":55,"column":30},"end":{"line":55,"column":91}},"30":{"start":{"line":55,"column":75},"end":{"line":55,"column":90}},"31":{"start":{"line":56,"column":23},"end":{"line":56,"column":73}},"32":{"start":{"line":57,"column":30},"end":{"line":57,"column":59}},"33":{"start":{"line":60,"column":4},"end":{"line":63,"column":null}},"34":{"start":{"line":61,"column":6},"end":{"line":61,"column":20}},"35":{"start":{"line":62,"column":6},"end":{"line":62,"column":15}},"36":{"start":{"line":66,"column":4},"end":{"line":69,"column":null}},"37":{"start":{"line":67,"column":6},"end":{"line":67,"column":30}},"38":{"start":{"line":68,"column":6},"end":{"line":68,"column":30}},"39":{"start":{"line":72,"column":4},"end":{"line":72,"column":53}},"40":{"start":{"line":73,"column":4},"end":{"line":73,"column":53}},"41":{"start":{"line":76,"column":4},"end":{"line":76,"column":39}},"42":{"start":{"line":77,"column":4},"end":{"line":77,"column":18}},"43":{"start":{"line":80,"column":2},"end":{"line":84,"column":4}},"44":{"start":{"line":38,"column":13},"end":{"line":38,"column":29}}},"fnMap":{"0":{"name":"(anonymous_0)","decl":{"start":{"line":6,"column":28},"end":{"line":6,"column":29}},"loc":{"start":{"line":6,"column":99},"end":{"line":24,"column":1}}},"1":{"name":"(anonymous_1)","decl":{"start":{"line":26,"column":27},"end":{"line":26,"column":28}},"loc":{"start":{"line":27,"column":2},"end":{"line":27,"column":45}}},"2":{"name":"(anonymous_2)","decl":{"start":{"line":29,"column":27},"end":{"line":29,"column":28}},"loc":{"start":{"line":30,"column":3},"end":{"line":30,"column":28}}},"3":{"name":"(anonymous_3)","decl":{"start":{"line":38,"column":29},"end":{"line":38,"column":30}},"loc":{"start":{"line":38,"column":84},"end":{"line":85,"column":1}}},"4":{"name":"(anonymous_4)","decl":{"start":{"line":55,"column":65},"end":{"line":55,"column":66}},"loc":{"start":{"line":55,"column":75},"end":{"line":55,"column":90}}}},"branchMap":{"0":{"loc":{"start":{"line":9,"column":2},"end":{"line":11,"column":null}},"type":"if","locations":[{"start":{"line":9,"column":2},"end":{"line":11,"column":null}}]},"1":{"loc":{"start":{"line":14,"column":4},"end":{"line":16,"column":null}},"type":"if","locations":[{"start":{"line":14,"column":4},"end":{"line":16,"column":null}}]},"2":{"loc":{"start":{"line":17,"column":4},"end":{"line":19,"column":null}},"type":"if","locations":[{"start":{"line":17,"column":4},"end":{"line":19,"column":null}}]},"3":{"loc":{"start":{"line":26,"column":44},"end":{"line":26,"column":61}},"type":"default-arg","locations":[{"start":{"line":26,"column":52},"end":{"line":26,"column":61}}]},"4":{"loc":{"start":{"line":26,"column":63},"end":{"line":26,"column":87}},"type":"default-arg","locations":[{"start":{"line":26,"column":73},"end":{"line":26,"column":87}}]},"5":{"loc":{"start":{"line":27,"column":2},"end":{"line":27,"column":45}},"type":"binary-expr","locations":[{"start":{"line":27,"column":2},"end":{"line":27,"column":40}},{"start":{"line":27,"column":44},"end":{"line":27,"column":45}}]},"6":{"loc":{"start":{"line":55,"column":75},"end":{"line":55,"column":90}},"type":"cond-expr","locations":[{"start":{"line":55,"column":83},"end":{"line":55,"column":85}},{"start":{"line":55,"column":88},"end":{"line":55,"column":90}}]},"7":{"loc":{"start":{"line":60,"column":4},"end":{"line":63,"column":null}},"type":"if","locations":[{"start":{"line":60,"column":4},"end":{"line":63,"column":null}}]},"8":{"loc":{"start":{"line":66,"column":4},"end":{"line":69,"column":null}},"type":"if","locations":[{"start":{"line":66,"column":4},"end":{"line":69,"column":null}}]}},"s":{"0":1,"1":1,"2":1,"3":3,"4":3,"5":1,"6":2,"7":605,"8":2,"9":603,"10":2,"11":601,"12":2,"13":1,"14":1,"15":3,"16":1,"17":1,"18":69,"19":1,"20":1,"21":1,"22":1,"23":1,"24":1,"25":1,"26":1,"27":1,"28":67,"29":67,"30":532,"31":67,"32":67,"33":67,"34":0,"35":0,"36":67,"37":1,"38":1,"39":67,"40":67,"41":67,"42":67,"43":1,"44":1},"f":{"0":3,"1":3,"2":69,"3":1,"4":532},"b":{"0":[1],"1":[2],"2":[2],"3":[1],"4":[1],"5":[3,1],"6":[532,0],"7":[0],"8":[1]}}
}
