{"/Users/aleksejkolpakov/Projects/testing_works/duble/testtaskmq/src/const/chart.ts": {"path":"/Users/aleksejkolpakov/Projects/testing_works/duble/testtaskmq/src/const/chart.ts","statementMap":{"0":{"start":{"line":2,"column":13},"end":{"line":2,"column":21}},"1":{"start":{"line":5,"column":13},"end":{"line":5,"column":25}},"2":{"start":{"line":7,"column":13},"end":{"line":7,"column":26}},"3":{"start":{"line":10,"column":13},"end":{"line":10,"column":37}},"4":{"start":{"line":12,"column":13},"end":{"line":12,"column":39}},"5":{"start":{"line":15,"column":13},"end":{"line":15,"column":26}},"6":{"start":{"line":18,"column":13},"end":{"line":18,"column":33}}},"fnMap":{},"branchMap":{},"s":{"0":2,"1":2,"2":2,"3":2,"4":2,"5":2,"6":2},"f":{},"b":{}}
,"/Users/aleksejkolpakov/Projects/testing_works/duble/testtaskmq/src/const/data.ts": {"path":"/Users/aleksejkolpakov/Projects/testing_works/duble/testtaskmq/src/const/data.ts","statementMap":{"0":{"start":{"line":2,"column":13},"end":{"line":2,"column":46}},"1":{"start":{"line":4,"column":13},"end":{"line":4,"column":50}},"2":{"start":{"line":11,"column":13},"end":{"line":11,"column":31}},"3":{"start":{"line":17,"column":13},"end":{"line":17,"column":63}},"4":{"start":{"line":20,"column":13},"end":{"line":20,"column":57}}},"fnMap":{},"branchMap":{},"s":{"0":1,"1":1,"2":1,"3":1,"4":1},"f":{},"b":{}}
,"/Users/aleksejkolpakov/Projects/testing_works/duble/testtaskmq/src/const/mocks.ts": {"path":"/Users/aleksejkolpakov/Projects/testing_works/duble/testtaskmq/src/const/mocks.ts","statementMap":{"0":{"start":{"line":1,"column":13},"end":{"line":1,"column":31}},"1":{"start":{"line":2,"column":13},"end":{"line":2,"column":32}},"2":{"start":{"line":4,"column":13},"end":{"line":25,"column":2}}},"fnMap":{},"branchMap":{},"s":{"0":3,"1":3,"2":3},"f":{},"b":{}}
,"/Users/aleksejkolpakov/Projects/testing_works/duble/testtaskmq/src/models/db/utils/getNotAddedItems.ts": {"path":"/Users/aleksejkolpakov/Projects/testing_works/duble/testtaskmq/src/models/db/utils/getNotAddedItems.ts","statementMap":{"0":{"start":{"line":4,"column":32},"end":{"line":9,"column":1}},"1":{"start":{"line":6,"column":4},"end":{"line":6,"column":58}},"2":{"start":{"line":6,"column":30},"end":{"line":6,"column":53}},"3":{"start":{"line":8,"column":2},"end":{"line":8,"column":41}},"4":{"start":{"line":4,"column":13},"end":{"line":4,"column":32}}},"fnMap":{"0":{"name":"(anonymous_0)","decl":{"start":{"line":4,"column":32},"end":{"line":4,"column":33}},"loc":{"start":{"line":4,"column":76},"end":{"line":9,"column":1}}},"1":{"name":"(anonymous_1)","decl":{"start":{"line":6,"column":20},"end":{"line":6,"column":21}},"loc":{"start":{"line":6,"column":30},"end":{"line":6,"column":53}}}},"branchMap":{},"s":{"0":1,"1":1,"2":1,"3":1,"4":1},"f":{"0":1,"1":1},"b":{}}
,"/Users/aleksejkolpakov/Projects/testing_works/duble/testtaskmq/src/ui/Chart/utils/paintCoords.ts": {"path":"/Users/aleksejkolpakov/Projects/testing_works/duble/testtaskmq/src/ui/Chart/utils/paintCoords.ts","statementMap":{"0":{"start":{"line":2,"column":0},"end":{"line":2,"column":63}},"1":{"start":{"line":5,"column":24},"end":{"line":9,"column":72}},"2":{"start":{"line":9,"column":5},"end":{"line":9,"column":72}},"3":{"start":{"line":5,"column":13},"end":{"line":5,"column":24}},"4":{"start":{"line":11,"column":25},"end":{"line":16,"column":39}},"5":{"start":{"line":16,"column":5},"end":{"line":16,"column":39}},"6":{"start":{"line":11,"column":13},"end":{"line":11,"column":25}},"7":{"start":{"line":18,"column":25},"end":{"line":20,"column":1}},"8":{"start":{"line":19,"column":2},"end":{"line":19,"column":63}},"9":{"start":{"line":18,"column":13},"end":{"line":18,"column":25}},"10":{"start":{"line":23,"column":27},"end":{"line":44,"column":1}},"11":{"start":{"line":27,"column":16},"end":{"line":27,"column":30}},"12":{"start":{"line":29,"column":2},"end":{"line":29,"column":27}},"13":{"start":{"line":31,"column":2},"end":{"line":31,"column":18}},"14":{"start":{"line":32,"column":2},"end":{"line":32,"column":27}},"15":{"start":{"line":33,"column":10},"end":{"line":33,"column":11}},"16":{"start":{"line":35,"column":2},"end":{"line":40,"column":null}},"17":{"start":{"line":36,"column":14},"end":{"line":36,"column":41}},"18":{"start":{"line":38,"column":4},"end":{"line":38,"column":21}},"19":{"start":{"line":39,"column":4},"end":{"line":39,"column":25}},"20":{"start":{"line":42,"column":2},"end":{"line":42,"column":15}},"21":{"start":{"line":43,"column":2},"end":{"line":43,"column":18}},"22":{"start":{"line":23,"column":13},"end":{"line":23,"column":27}}},"fnMap":{"0":{"name":"(anonymous_0)","decl":{"start":{"line":5,"column":24},"end":{"line":5,"column":null}},"loc":{"start":{"line":9,"column":5},"end":{"line":9,"column":72}}},"1":{"name":"(anonymous_1)","decl":{"start":{"line":11,"column":25},"end":{"line":11,"column":null}},"loc":{"start":{"line":16,"column":5},"end":{"line":16,"column":39}}},"2":{"name":"(anonymous_2)","decl":{"start":{"line":18,"column":25},"end":{"line":18,"column":26}},"loc":{"start":{"line":18,"column":74},"end":{"line":20,"column":1}}},"3":{"name":"(anonymous_3)","decl":{"start":{"line":23,"column":27},"end":{"line":23,"column":null}},"loc":{"start":{"line":26,"column":4},"end":{"line":44,"column":1}}}},"branchMap":{"0":{"loc":{"start":{"line":7,"column":2},"end":{"line":7,"column":21}},"type":"default-arg","locations":[{"start":{"line":7,"column":11},"end":{"line":7,"column":21}}]},"1":{"loc":{"start":{"line":8,"column":2},"end":{"line":8,"column":19}},"type":"default-arg","locations":[{"start":{"line":8,"column":12},"end":{"line":8,"column":19}}]},"2":{"loc":{"start":{"line":15,"column":2},"end":{"line":15,"column":19}},"type":"default-arg","locations":[{"start":{"line":15,"column":12},"end":{"line":15,"column":19}}]},"3":{"loc":{"start":{"line":18,"column":53},"end":{"line":18,"column":70}},"type":"default-arg","locations":[{"start":{"line":18,"column":61},"end":{"line":18,"column":70}}]}},"s":{"0":1,"1":1,"2":2,"3":1,"4":1,"5":1,"6":1,"7":1,"8":1,"9":1,"10":1,"11":0,"12":0,"13":0,"14":0,"15":0,"16":0,"17":0,"18":0,"19":0,"20":0,"21":0,"22":1},"f":{"0":2,"1":1,"2":1,"3":0},"b":{"0":[0],"1":[0],"2":[1],"3":[0]}}
,"/Users/aleksejkolpakov/Projects/testing_works/duble/testtaskmq/src/utils/getDataForSelect.ts": {"path":"/Users/aleksejkolpakov/Projects/testing_works/duble/testtaskmq/src/utils/getDataForSelect.ts","statementMap":{"0":{"start":{"line":2,"column":32},"end":{"line":12,"column":1}},"1":{"start":{"line":3,"column":26},"end":{"line":3,"column":28}},"2":{"start":{"line":4,"column":10},"end":{"line":4,"column":19}},"3":{"start":{"line":6,"column":2},"end":{"line":9,"column":null}},"4":{"start":{"line":7,"column":4},"end":{"line":7,"column":18}},"5":{"start":{"line":8,"column":4},"end":{"line":8,"column":8}},"6":{"start":{"line":11,"column":2},"end":{"line":11,"column":15}},"7":{"start":{"line":2,"column":13},"end":{"line":2,"column":32}}},"fnMap":{"0":{"name":"(anonymous_0)","decl":{"start":{"line":2,"column":32},"end":{"line":2,"column":33}},"loc":{"start":{"line":2,"column":71},"end":{"line":12,"column":1}}}},"branchMap":{},"s":{"0":1,"1":1,"2":1,"3":1,"4":3,"5":3,"6":1,"7":1},"f":{"0":1},"b":{}}
,"/Users/aleksejkolpakov/Projects/testing_works/duble/testtaskmq/src/utils/getDataMap.ts": {"path":"/Users/aleksejkolpakov/Projects/testing_works/duble/testtaskmq/src/utils/getDataMap.ts","statementMap":{"0":{"start":{"line":8,"column":26},"end":{"line":23,"column":1}},"1":{"start":{"line":9,"column":27},"end":{"line":9,"column":36}},"2":{"start":{"line":11,"column":2},"end":{"line":20,"column":5}},"3":{"start":{"line":12,"column":17},"end":{"line":12,"column":46}},"4":{"start":{"line":13,"column":4},"end":{"line":19,"column":null}},"5":{"start":{"line":14,"column":26},"end":{"line":14,"column":55}},"6":{"start":{"line":15,"column":6},"end":{"line":15,"column":31}},"7":{"start":{"line":16,"column":6},"end":{"line":16,"column":37}},"8":{"start":{"line":18,"column":6},"end":{"line":18,"column":34}},"9":{"start":{"line":22,"column":2},"end":{"line":22,"column":17}},"10":{"start":{"line":8,"column":13},"end":{"line":8,"column":26}},"11":{"start":{"line":26,"column":29},"end":{"line":34,"column":1}},"12":{"start":{"line":27,"column":69},"end":{"line":27,"column":78}},"13":{"start":{"line":29,"column":2},"end":{"line":31,"column":null}},"14":{"start":{"line":30,"column":4},"end":{"line":30,"column":56}},"15":{"start":{"line":33,"column":2},"end":{"line":33,"column":26}},"16":{"start":{"line":26,"column":13},"end":{"line":26,"column":29}}},"fnMap":{"0":{"name":"(anonymous_0)","decl":{"start":{"line":8,"column":26},"end":{"line":8,"column":27}},"loc":{"start":{"line":8,"column":47},"end":{"line":23,"column":1}}},"1":{"name":"(anonymous_1)","decl":{"start":{"line":11,"column":15},"end":{"line":11,"column":16}},"loc":{"start":{"line":11,"column":24},"end":{"line":20,"column":3}}},"2":{"name":"(anonymous_2)","decl":{"start":{"line":26,"column":29},"end":{"line":26,"column":30}},"loc":{"start":{"line":26,"column":50},"end":{"line":34,"column":1}}}},"branchMap":{"0":{"loc":{"start":{"line":13,"column":4},"end":{"line":19,"column":null}},"type":"if","locations":[{"start":{"line":13,"column":4},"end":{"line":19,"column":null}},{"start":{"line":17,"column":11},"end":{"line":19,"column":null}}]}},"s":{"0":1,"1":1,"2":1,"3":5,"4":5,"5":3,"6":3,"7":3,"8":2,"9":1,"10":1,"11":1,"12":0,"13":0,"14":0,"15":0,"16":1},"f":{"0":1,"1":5,"2":0},"b":{"0":[3,2]}}
,"/Users/aleksejkolpakov/Projects/testing_works/duble/testtaskmq/src/utils/getRangeDefaultYears.ts": {"path":"/Users/aleksejkolpakov/Projects/testing_works/duble/testtaskmq/src/utils/getRangeDefaultYears.ts","statementMap":{"0":{"start":{"line":4,"column":36},"end":{"line":7,"column":2}},"1":{"start":{"line":4,"column":59},"end":{"line":7,"column":2}},"2":{"start":{"line":4,"column":13},"end":{"line":4,"column":36}}},"fnMap":{"0":{"name":"(anonymous_0)","decl":{"start":{"line":4,"column":36},"end":{"line":4,"column":37}},"loc":{"start":{"line":4,"column":59},"end":{"line":7,"column":2}}}},"branchMap":{},"s":{"0":1,"1":1,"2":1},"f":{"0":1},"b":{}}
,"/Users/aleksejkolpakov/Projects/testing_works/duble/testtaskmq/src/utils/normalizeData/normalizeData.ts": {"path":"/Users/aleksejkolpakov/Projects/testing_works/duble/testtaskmq/src/utils/normalizeData/normalizeData.ts","statementMap":{"0":{"start":{"line":1,"column":0},"end":{"line":1,"column":43}},"1":{"start":{"line":2,"column":0},"end":{"line":2,"column":58}},"2":{"start":{"line":5,"column":28},"end":{"line":27,"column":1}},"3":{"start":{"line":10,"column":25},"end":{"line":10,"column":27}},"4":{"start":{"line":12,"column":2},"end":{"line":14,"column":null}},"5":{"start":{"line":13,"column":4},"end":{"line":13,"column":14}},"6":{"start":{"line":16,"column":2},"end":{"line":24,"column":null}},"7":{"start":{"line":17,"column":4},"end":{"line":19,"column":null}},"8":{"start":{"line":18,"column":6},"end":{"line":18,"column":15}},"9":{"start":{"line":20,"column":4},"end":{"line":22,"column":null}},"10":{"start":{"line":21,"column":6},"end":{"line":21,"column":12}},"11":{"start":{"line":23,"column":4},"end":{"line":23,"column":34}},"12":{"start":{"line":26,"column":2},"end":{"line":26,"column":16}},"13":{"start":{"line":5,"column":13},"end":{"line":5,"column":28}},"14":{"start":{"line":29,"column":27},"end":{"line":33,"column":48}},"15":{"start":{"line":33,"column":5},"end":{"line":33,"column":48}},"16":{"start":{"line":29,"column":13},"end":{"line":29,"column":27}},"17":{"start":{"line":35,"column":27},"end":{"line":36,"column":25}},"18":{"start":{"line":36,"column":2},"end":{"line":36,"column":25}},"19":{"start":{"line":35,"column":13},"end":{"line":35,"column":27}},"20":{"start":{"line":44,"column":29},"end":{"line":96,"column":1}},"21":{"start":{"line":49,"column":20},"end":{"line":49,"column":43}},"22":{"start":{"line":50,"column":20},"end":{"line":50,"column":43}},"23":{"start":{"line":52,"column":31},"end":{"line":52,"column":33}},"24":{"start":{"line":54,"column":20},"end":{"line":54,"column":61}},"25":{"start":{"line":56,"column":20},"end":{"line":56,"column":49}},"26":{"start":{"line":58,"column":10},"end":{"line":58,"column":11}},"27":{"start":{"line":59,"column":2},"end":{"line":89,"column":null}},"28":{"start":{"line":61,"column":22},"end":{"line":61,"column":35}},"29":{"start":{"line":64,"column":30},"end":{"line":66,"column":40}},"30":{"start":{"line":66,"column":23},"end":{"line":66,"column":38}},"31":{"start":{"line":67,"column":23},"end":{"line":67,"column":73}},"32":{"start":{"line":68,"column":30},"end":{"line":68,"column":59}},"33":{"start":{"line":71,"column":4},"end":{"line":74,"column":null}},"34":{"start":{"line":72,"column":6},"end":{"line":72,"column":20}},"35":{"start":{"line":73,"column":6},"end":{"line":73,"column":15}},"36":{"start":{"line":77,"column":4},"end":{"line":80,"column":null}},"37":{"start":{"line":78,"column":6},"end":{"line":78,"column":30}},"38":{"start":{"line":79,"column":6},"end":{"line":79,"column":30}},"39":{"start":{"line":83,"column":4},"end":{"line":83,"column":53}},"40":{"start":{"line":84,"column":4},"end":{"line":84,"column":53}},"41":{"start":{"line":87,"column":4},"end":{"line":87,"column":39}},"42":{"start":{"line":88,"column":4},"end":{"line":88,"column":18}},"43":{"start":{"line":91,"column":2},"end":{"line":95,"column":4}},"44":{"start":{"line":44,"column":13},"end":{"line":44,"column":29}}},"fnMap":{"0":{"name":"(anonymous_0)","decl":{"start":{"line":5,"column":28},"end":{"line":5,"column":null}},"loc":{"start":{"line":9,"column":4},"end":{"line":27,"column":1}}},"1":{"name":"(anonymous_1)","decl":{"start":{"line":29,"column":27},"end":{"line":29,"column":null}},"loc":{"start":{"line":33,"column":5},"end":{"line":33,"column":48}}},"2":{"name":"(anonymous_2)","decl":{"start":{"line":35,"column":27},"end":{"line":35,"column":28}},"loc":{"start":{"line":36,"column":2},"end":{"line":36,"column":25}}},"3":{"name":"(anonymous_3)","decl":{"start":{"line":44,"column":29},"end":{"line":44,"column":30}},"loc":{"start":{"line":48,"column":24},"end":{"line":96,"column":1}}},"4":{"name":"(anonymous_4)","decl":{"start":{"line":66,"column":12},"end":{"line":66,"column":13}},"loc":{"start":{"line":66,"column":23},"end":{"line":66,"column":38}}}},"branchMap":{"0":{"loc":{"start":{"line":12,"column":2},"end":{"line":14,"column":null}},"type":"if","locations":[{"start":{"line":12,"column":2},"end":{"line":14,"column":null}}]},"1":{"loc":{"start":{"line":17,"column":4},"end":{"line":19,"column":null}},"type":"if","locations":[{"start":{"line":17,"column":4},"end":{"line":19,"column":null}}]},"2":{"loc":{"start":{"line":20,"column":4},"end":{"line":22,"column":null}},"type":"if","locations":[{"start":{"line":20,"column":4},"end":{"line":22,"column":null}}]},"3":{"loc":{"start":{"line":31,"column":2},"end":{"line":31,"column":19}},"type":"default-arg","locations":[{"start":{"line":31,"column":10},"end":{"line":31,"column":19}}]},"4":{"loc":{"start":{"line":32,"column":2},"end":{"line":32,"column":26}},"type":"default-arg","locations":[{"start":{"line":32,"column":12},"end":{"line":32,"column":26}}]},"5":{"loc":{"start":{"line":33,"column":5},"end":{"line":33,"column":48}},"type":"binary-expr","locations":[{"start":{"line":33,"column":5},"end":{"line":33,"column":43}},{"start":{"line":33,"column":47},"end":{"line":33,"column":48}}]},"6":{"loc":{"start":{"line":66,"column":23},"end":{"line":66,"column":38}},"type":"cond-expr","locations":[{"start":{"line":66,"column":31},"end":{"line":66,"column":33}},{"start":{"line":66,"column":36},"end":{"line":66,"column":38}}]},"7":{"loc":{"start":{"line":71,"column":4},"end":{"line":74,"column":null}},"type":"if","locations":[{"start":{"line":71,"column":4},"end":{"line":74,"column":null}}]},"8":{"loc":{"start":{"line":77,"column":4},"end":{"line":80,"column":null}},"type":"if","locations":[{"start":{"line":77,"column":4},"end":{"line":80,"column":null}}]}},"s":{"0":1,"1":1,"2":1,"3":3,"4":3,"5":1,"6":2,"7":605,"8":2,"9":603,"10":2,"11":601,"12":2,"13":1,"14":1,"15":3,"16":1,"17":1,"18":69,"19":1,"20":1,"21":1,"22":1,"23":1,"24":1,"25":1,"26":1,"27":1,"28":67,"29":67,"30":532,"31":67,"32":67,"33":67,"34":0,"35":0,"36":67,"37":1,"38":1,"39":67,"40":67,"41":67,"42":67,"43":1,"44":1},"f":{"0":3,"1":3,"2":69,"3":1,"4":532},"b":{"0":[1],"1":[2],"2":[2],"3":[1],"4":[1],"5":[3,1],"6":[532,0],"7":[0],"8":[1]}}
}
