TN:
SF:src/const/chart.ts
FNF:0
FNH:0
DA:2,2
DA:5,2
DA:7,2
DA:10,2
DA:12,2
DA:15,2
DA:18,2
LF:7
LH:7
BRF:0
BRH:0
end_of_record
TN:
SF:src/const/data.ts
FNF:0
FNH:0
DA:2,1
DA:4,1
DA:11,1
DA:17,1
DA:20,1
LF:5
LH:5
BRF:0
BRH:0
end_of_record
TN:
SF:src/const/mocks.ts
FNF:0
FNH:0
DA:1,3
DA:2,3
DA:4,3
LF:3
LH:3
BRF:0
BRH:0
end_of_record
TN:
SF:src/models/db/utils/getNotAddedItems.ts
FN:4,(anonymous_0)
FN:6,(anonymous_1)
FNF:2
FNH:2
FNDA:1,(anonymous_0)
FNDA:1,(anonymous_1)
DA:4,1
DA:6,1
DA:8,1
LF:3
LH:3
BRF:0
BRH:0
end_of_record
TN:
SF:src/ui/Chart/utils/paintCoords.ts
FN:5,(anonymous_0)
FN:11,(anonymous_1)
FN:18,(anonymous_2)
FN:23,(anonymous_3)
FNF:4
FNH:3
FNDA:2,(anonymous_0)
FNDA:1,(anonymous_1)
FNDA:1,(anonymous_2)
FNDA:0,(anonymous_3)
DA:2,1
DA:5,1
DA:9,2
DA:11,1
DA:16,1
DA:18,1
DA:19,1
DA:23,1
DA:27,0
DA:29,0
DA:31,0
DA:32,0
DA:33,0
DA:35,0
DA:36,0
DA:38,0
DA:39,0
DA:42,0
DA:43,0
LF:19
LH:8
BRDA:7,0,0,0
BRDA:8,1,0,0
BRDA:15,2,0,1
BRDA:18,3,0,0
BRF:4
BRH:1
end_of_record
TN:
SF:src/utils/getDataForSelect.ts
FN:2,(anonymous_0)
FNF:1
FNH:1
FNDA:1,(anonymous_0)
DA:2,1
DA:3,1
DA:4,1
DA:6,1
DA:7,3
DA:8,3
DA:11,1
LF:7
LH:7
BRF:0
BRH:0
end_of_record
TN:
SF:src/utils/getDataMap.ts
FN:8,(anonymous_0)
FN:11,(anonymous_1)
FN:26,(anonymous_2)
FNF:3
FNH:2
FNDA:1,(anonymous_0)
FNDA:5,(anonymous_1)
FNDA:0,(anonymous_2)
DA:8,1
DA:9,1
DA:11,1
DA:12,5
DA:13,5
DA:14,3
DA:15,3
DA:16,3
DA:18,2
DA:22,1
DA:26,1
DA:27,0
DA:29,0
DA:30,0
DA:33,0
LF:15
LH:11
BRDA:13,0,0,3
BRDA:13,0,1,2
BRF:2
BRH:2
end_of_record
TN:
SF:src/utils/getRangeDefaultYears.ts
FN:4,(anonymous_0)
FNF:1
FNH:1
FNDA:1,(anonymous_0)
DA:4,1
LF:1
LH:1
BRF:0
BRH:0
end_of_record
TN:
SF:src/utils/normalizeData/normalizeData.ts
FN:5,(anonymous_0)
FN:29,(anonymous_1)
FN:35,(anonymous_2)
FN:44,(anonymous_3)
FN:66,(anonymous_4)
FNF:5
FNH:5
FNDA:3,(anonymous_0)
FNDA:3,(anonymous_1)
FNDA:69,(anonymous_2)
FNDA:1,(anonymous_3)
FNDA:532,(anonymous_4)
DA:1,1
DA:2,1
DA:5,1
DA:10,3
DA:12,3
DA:13,1
DA:16,2
DA:17,605
DA:18,2
DA:20,603
DA:21,2
DA:23,601
DA:26,2
DA:29,1
DA:33,3
DA:35,1
DA:36,69
DA:44,1
DA:49,1
DA:50,1
DA:52,1
DA:54,1
DA:56,1
DA:58,1
DA:59,1
DA:61,67
DA:64,67
DA:66,532
DA:67,67
DA:68,67
DA:71,67
DA:72,0
DA:73,0
DA:77,67
DA:78,1
DA:79,1
DA:83,67
DA:84,67
DA:87,67
DA:88,67
DA:91,1
LF:41
LH:39
BRDA:12,0,0,1
BRDA:17,1,0,2
BRDA:20,2,0,2
BRDA:31,3,0,1
BRDA:32,4,0,1
BRDA:33,5,0,3
BRDA:33,5,1,1
BRDA:66,6,0,532
BRDA:66,6,1,0
BRDA:71,7,0,0
BRDA:77,8,0,1
BRF:11
BRH:9
end_of_record
