TN:
SF:src/const/chart.ts
FNF:0
FNH:0
DA:2,2
DA:5,2
DA:7,2
DA:10,2
DA:12,2
DA:15,2
DA:18,2
LF:7
LH:7
BRF:0
BRH:0
end_of_record
TN:
SF:src/const/data.ts
FNF:0
FNH:0
DA:3,1
DA:5,1
DA:12,1
DA:18,1
DA:21,1
LF:5
LH:5
BRF:0
BRH:0
end_of_record
TN:
SF:src/ui/Chart/utils/paintCoords.ts
FN:5,(anonymous_0)
FN:8,(anonymous_1)
FN:11,(anonymous_2)
FN:15,(anonymous_3)
FNF:4
FNH:3
FNDA:2,(anonymous_0)
FNDA:1,(anonymous_1)
FNDA:1,(anonymous_2)
FNDA:0,(anonymous_3)
DA:1,1
DA:5,1
DA:6,2
DA:8,1
DA:9,1
DA:11,1
DA:12,1
DA:15,1
DA:16,0
DA:18,0
DA:20,0
DA:21,0
DA:22,0
DA:24,0
DA:25,0
DA:27,0
DA:28,0
DA:31,0
DA:32,0
LF:19
LH:8
BRDA:5,0,0,0
BRDA:5,1,0,0
BRDA:8,2,0,1
BRDA:11,3,0,0
BRF:4
BRH:1
end_of_record
TN:
SF:src/utils/getDataForSelect.ts
FN:3,(anonymous_0)
FNF:1
FNH:1
FNDA:1,(anonymous_0)
DA:3,1
DA:4,1
DA:5,1
DA:7,1
DA:8,3
DA:9,3
DA:12,1
LF:7
LH:7
BRF:0
BRH:0
end_of_record
TN:
SF:src/utils/getDataMap.ts
FN:9,(anonymous_0)
FN:12,(anonymous_1)
FN:27,(anonymous_2)
FNF:3
FNH:2
FNDA:1,(anonymous_0)
FNDA:5,(anonymous_1)
FNDA:0,(anonymous_2)
DA:9,1
DA:10,1
DA:12,1
DA:13,5
DA:14,5
DA:15,3
DA:16,3
DA:17,3
DA:19,2
DA:23,1
DA:27,1
DA:28,0
DA:30,0
DA:31,0
DA:34,0
LF:15
LH:11
BRDA:14,0,0,3
BRDA:14,0,1,2
BRF:2
BRH:2
end_of_record
TN:
SF:src/utils/normalizeData/normalizeData.ts
FN:6,(anonymous_0)
FN:26,(anonymous_1)
FN:29,(anonymous_2)
FN:38,(anonymous_3)
FN:55,(anonymous_4)
FNF:5
FNH:5
FNDA:3,(anonymous_0)
FNDA:3,(anonymous_1)
FNDA:69,(anonymous_2)
FNDA:1,(anonymous_3)
FNDA:532,(anonymous_4)
DA:1,1
DA:2,1
DA:6,1
DA:7,3
DA:9,3
DA:10,1
DA:13,2
DA:14,605
DA:15,2
DA:17,603
DA:18,2
DA:20,601
DA:23,2
DA:26,1
DA:27,3
DA:29,1
DA:30,69
DA:38,1
DA:39,1
DA:40,1
DA:42,1
DA:44,1
DA:46,1
DA:49,1
DA:50,1
DA:52,67
DA:55,532
DA:56,67
DA:57,67
DA:60,67
DA:61,0
DA:62,0
DA:66,67
DA:67,1
DA:68,1
DA:72,67
DA:73,67
DA:76,67
DA:77,67
DA:80,1
LF:40
LH:38
BRDA:9,0,0,1
BRDA:14,1,0,2
BRDA:17,2,0,2
BRDA:26,3,0,1
BRDA:26,4,0,1
BRDA:27,5,0,3
BRDA:27,5,1,1
BRDA:55,6,0,532
BRDA:55,6,1,0
BRDA:60,7,0,0
BRDA:66,8,0,1
BRF:11
BRH:9
end_of_record
